[debug] [2025-08-12T10:13:58.744Z] ----------------------------------------------------------------------
[debug] [2025-08-12T10:13:58.746Z] Command:       C:\Program Files\nodejs\node.exe C:\Users\heave\AppData\Roaming\npm\node_modules\firebase-tools\lib\bin\firebase.js init
[debug] [2025-08-12T10:13:58.746Z] CLI Version:   14.12.0
[debug] [2025-08-12T10:13:58.746Z] Platform:      win32
[debug] [2025-08-12T10:13:58.746Z] Node Version:  v22.18.0
[debug] [2025-08-12T10:13:58.746Z] Time:          Tue Aug 12 2025 15:43:58 GMT+0530 (India Standard Time)
[debug] [2025-08-12T10:13:58.746Z] ----------------------------------------------------------------------
[debug] 
[debug] [2025-08-12T10:13:58.751Z] > command requires scopes: ["email","openid","https://www.googleapis.com/auth/cloudplatformprojects.readonly","https://www.googleapis.com/auth/firebase","https://www.googleapis.com/auth/cloud-platform"]
[debug] [2025-08-12T10:13:58.751Z] > authorizing via signed-in user (heavenjose121@gmail.com)
[info] 
     ######## #### ########  ######## ########     ###     ######  ########
     ##        ##  ##     ## ##       ##     ##  ##   ##  ##       ##
     ######    ##  ########  ######   ########  #########  ######  ######
     ##        ##  ##    ##  ##       ##     ## ##     ##       ## ##
     ##       #### ##     ## ######## ########  ##     ##  ######  ########

You're about to initialize a Firebase project in this directory:

  C:\Users\heave\Desktop\Website\my-app

[info] 
=== Project Setup
[info] 
[info] First, let's associate this project directory with a Firebase project.
[info] You can create multiple project aliases by running firebase use --add, 
[info] but for now we'll just set up a default project.
[info] 
[debug] [2025-08-12T10:15:43.551Z] Checked if tokens are valid: true, expires at: 1754997216862
[debug] [2025-08-12T10:15:43.551Z] Checked if tokens are valid: true, expires at: 1754997216862
[debug] [2025-08-12T10:15:43.553Z] >>> [apiv2][query] GET https://firebase.googleapis.com/v1beta1/projects pageSize=100
[debug] [2025-08-12T10:15:43.587Z] *** [apiv2] error from fetch(https://firebase.googleapis.com/v1beta1/projects?pageSize=100, {"headers":{},"method":"GET","signal":{}}): FetchError: request to https://firebase.googleapis.com/v1beta1/projects?pageSize=100 failed, reason: getaddrinfo ENOTFOUND firebase.googleapis.com
[debug] [2025-08-12T10:15:43.588Z] Failed to make request to https://firebase.googleapis.com/v1beta1/projects?pageSize=100
[debug] [2025-08-12T10:15:43.591Z] FirebaseError: Failed to make request to https://firebase.googleapis.com/v1beta1/projects?pageSize=100
    at RetryOperation._fn (C:\Users\heave\AppData\Roaming\npm\node_modules\firebase-tools\lib\apiv2.js:261:31)
    at process.processTicksAndRejections (node:internal/process/task_queues:105:5)
[error] 
[error] Error: Failed to list Firebase projects. See firebase-debug.log for more info.
[debug] [2025-08-12T10:16:02.625Z] ----------------------------------------------------------------------
[debug] [2025-08-12T10:16:02.627Z] Command:       C:\Program Files\nodejs\node.exe C:\Users\heave\AppData\Roaming\npm\node_modules\firebase-tools\lib\bin\firebase.js init
[debug] [2025-08-12T10:16:02.628Z] CLI Version:   14.12.0
[debug] [2025-08-12T10:16:02.628Z] Platform:      win32
[debug] [2025-08-12T10:16:02.628Z] Node Version:  v22.18.0
[debug] [2025-08-12T10:16:02.628Z] Time:          Tue Aug 12 2025 15:46:02 GMT+0530 (India Standard Time)
[debug] [2025-08-12T10:16:02.628Z] ----------------------------------------------------------------------
[debug] 
[debug] [2025-08-12T10:16:02.633Z] > command requires scopes: ["email","openid","https://www.googleapis.com/auth/cloudplatformprojects.readonly","https://www.googleapis.com/auth/firebase","https://www.googleapis.com/auth/cloud-platform"]
[debug] [2025-08-12T10:16:02.634Z] > authorizing via signed-in user (heavenjose121@gmail.com)
[info] 
     ######## #### ########  ######## ########     ###     ######  ########
     ##        ##  ##     ## ##       ##     ##  ##   ##  ##       ##
     ######    ##  ########  ######   ########  #########  ######  ######
     ##        ##  ##    ##  ##       ##     ## ##     ##       ## ##
     ##       #### ##     ## ######## ########  ##     ##  ######  ########

You're about to initialize a Firebase project in this directory:

  C:\Users\heave\Desktop\Website\my-app

[info] 
=== Project Setup
[info] 
[info] First, let's associate this project directory with a Firebase project.
[info] You can create multiple project aliases by running firebase use --add, 
[info] but for now we'll just set up a default project.
[info] 
[info] i  If you want to create a project in a Google Cloud organization or folder, please use "firebase projects:create" instead, and return to this command when you've created the project. 
[debug] [2025-08-12T10:16:29.499Z] Checked if tokens are valid: true, expires at: 1754997216862
[debug] [2025-08-12T10:16:29.499Z] Checked if tokens are valid: true, expires at: 1754997216862
[debug] [2025-08-12T10:16:29.501Z] >>> [apiv2][query] POST https://firebase.googleapis.com/v1/projects:checkProjectId [none]
[debug] [2025-08-12T10:16:29.501Z] >>> [apiv2][body] POST https://firebase.googleapis.com/v1/projects:checkProjectId {"proposedId":"Uni-connect"}
[debug] [2025-08-12T10:16:30.187Z] <<< [apiv2][status] POST https://firebase.googleapis.com/v1/projects:checkProjectId 200
[debug] [2025-08-12T10:16:30.188Z] <<< [apiv2][body] POST https://firebase.googleapis.com/v1/projects:checkProjectId {"projectIdStatus":"PROJECT_ID_NOT_VALID","suggestedProjectId":"uni-connect-40f23"}
[debug] [2025-08-12T10:16:41.804Z] Checked if tokens are valid: true, expires at: 1754997216862
[debug] [2025-08-12T10:16:41.804Z] Checked if tokens are valid: true, expires at: 1754997216862
[debug] [2025-08-12T10:16:41.805Z] >>> [apiv2][query] POST https://firebase.googleapis.com/v1/projects:checkProjectId [none]
[debug] [2025-08-12T10:16:41.805Z] >>> [apiv2][body] POST https://firebase.googleapis.com/v1/projects:checkProjectId {"proposedId":"Uni-connect-2004@"}
[debug] [2025-08-12T10:16:41.985Z] <<< [apiv2][status] POST https://firebase.googleapis.com/v1/projects:checkProjectId 400
[debug] [2025-08-12T10:16:41.985Z] <<< [apiv2][body] POST https://firebase.googleapis.com/v1/projects:checkProjectId {"error":{"code":400,"message":"Request contains an invalid argument.","status":"INVALID_ARGUMENT"}}
[debug] [2025-08-12T10:16:41.986Z] Couldn't check if project ID Uni-connect-2004@ is available. Original error: FirebaseError: Failed to check if project ID is available. See firebase-debug.log for more info.
[debug] [2025-08-12T10:16:56.219Z] Checked if tokens are valid: true, expires at: 1754997216862
[debug] [2025-08-12T10:16:56.219Z] Checked if tokens are valid: true, expires at: 1754997216862
[debug] [2025-08-12T10:16:56.219Z] >>> [apiv2][query] POST https://cloudresourcemanager.googleapis.com/v1/projects [none]
[debug] [2025-08-12T10:16:56.219Z] >>> [apiv2][body] POST https://cloudresourcemanager.googleapis.com/v1/projects {"projectId":"Uni-connect-2004@","name":"UniConnect"}
[debug] [2025-08-12T10:16:57.572Z] <<< [apiv2][status] POST https://cloudresourcemanager.googleapis.com/v1/projects 400
[debug] [2025-08-12T10:16:57.572Z] <<< [apiv2][body] POST https://cloudresourcemanager.googleapis.com/v1/projects {"error":{"code":400,"message":"field [project_id] has issue [project_id contains invalid characters]","status":"INVALID_ARGUMENT","details":[{"@type":"type.googleapis.com/google.rpc.BadRequest","fieldViolations":[{"field":"project_id","description":"project_id contains invalid characters"}]},{"@type":"type.googleapis.com/google.rpc.Help","links":[{"url":"https://cloud.google.com/resource-manager/reference/rest/v1/projects"}]}]}}
[debug] [2025-08-12T10:16:57.691Z] FirebaseError: Request to https://cloudresourcemanager.googleapis.com/v1/projects had HTTP Error: 400, field [project_id] has issue [project_id contains invalid characters]
    at responseToError (C:\Users\heave\AppData\Roaming\npm\node_modules\firebase-tools\lib\responseToError.js:52:12)
    at RetryOperation._fn (C:\Users\heave\AppData\Roaming\npm\node_modules\firebase-tools\lib\apiv2.js:312:77)
    at process.processTicksAndRejections (node:internal/process/task_queues:105:5)
[error] 
[error] Error: Failed to create project. See firebase-debug.log for more info.
